# JRE version: OpenJDK Runtime Environment GraalVM CE 22.3.0 (17.0.5+8) (build 17.0.5+8-jvmci-22.3-b08)
# Java VM: OpenJDK 64-Bit Server VM GraalVM CE 22.3.0 (17.0.5+8-jvmci-22.3-b08, mixed mode, sharing, tiered, jvmci, jvmci compiler, compressed oops, compressed class ptrs, parallel gc, linux-amd64)
GC Precious Log:
 CPUs: 4 total, 1 available
 Memory: 1024M
 Large Page Support: Disabled
 NUMA Support: Disabled
 Compressed Oops: Enabled (32-bit)
 Alignments: Space 512K, Generation 512K, Heap 2M
 Heap Min Capacity: 100M
 Heap Initial Capacity: 100M
 Heap Max Capacity: 512M
 Pre-touch: Disabled
 Parallel Workers: 1
Heap:
 PSYoungGen      total 53248K, used 38678K [0x00000000f5580000, 0x00000000fd300000, 0x0000000100000000)
  eden space 11776K, 100% used [0x00000000f5580000,0x00000000f6100000,0x00000000f6100000)
  from space 41472K, 64% used [0x00000000f9980000,0x00000000fb3c5818,0x00000000fc200000)
  to   space 57856K, 0% used [0x00000000f6100000,0x00000000f6100000,0x00000000f9980000)
 ParOldGen       total 349696K, used 349695K [0x00000000e0000000, 0x00000000f5580000, 0x00000000f5580000)
  object space 349696K, 99% used [0x00000000e0000000,0x00000000f557ffe8,0x00000000f5580000)
 Metaspace       used 64570K, committed 65536K, reserved 1114112K
  class space    used 6382K, committed 6784K, reserved 1048576K
GC Heap History (20 events):
Event: 596.738 GC heap before
{Heap before GC invocations=721 (full 463):
 PSYoungGen      total 53248K, used 38678K [0x00000000f5580000, 0x00000000fd300000, 0x0000000100000000)
  eden space 11776K, 99% used [0x00000000f5580000,0x00000000f60ffff8,0x00000000f6100000)
  from space 41472K, 64% used [0x00000000f9980000,0x00000000fb3c5818,0x00000000fc200000)
  to   space 57856K, 0% used [0x00000000f6100000,0x00000000f6100000,0x00000000f9980000)
 ParOldGen       total 349696K, used 349693K [0x00000000e0000000, 0x00000000f5580000, 0x00000000f5580000)
  object space 349696K, 99% used [0x00000000e0000000,0x00000000f557f720,0x00000000f5580000)
 Metaspace       used 64570K, committed 65536K, reserved 1114112K
  class space    used 6382K, committed 6784K, reserved 1048576K
}
Event: 597.842 GC heap after
{Heap after GC invocations=721 (full 463):
 PSYoungGen      total 53248K, used 38677K [0x00000000f5580000, 0x00000000fd300000, 0x0000000100000000)
  eden space 11776K, 99% used [0x00000000f5580000,0x00000000f60fffd8,0x00000000f6100000)
  from space 41472K, 64% used [0x00000000f9980000,0x00000000fb3c5818,0x00000000fc200000)
  to   space 57856K, 0% used [0x00000000f6100000,0x00000000f6100000,0x00000000f9980000)
 ParOldGen       total 349696K, used 349693K [0x00000000e0000000, 0x00000000f5580000, 0x00000000f5580000)
  object space 349696K, 99% used [0x00000000e0000000,0x00000000f557f700,0x00000000f5580000)
 Metaspace       used 64570K, committed 65536K, reserved 1114112K
  class space    used 6382K, committed 6784K, reserved 1048576K
}
Event: 597.842 GC heap before
{Heap before GC invocations=722 (full 464):
 PSYoungGen      total 53248K, used 38678K [0x00000000f5580000, 0x00000000fd300000, 0x0000000100000000)
  eden space 11776K, 99% used [0x00000000f5580000,0x00000000f60ffff8,0x00000000f6100000)
  from space 41472K, 64% used [0x00000000f9980000,0x00000000fb3c5818,0x00000000fc200000)
  to   space 57856K, 0% used [0x00000000f6100000,0x00000000f6100000,0x00000000f9980000)
 ParOldGen       total 349696K, used 349693K [0x00000000e0000000, 0x00000000f5580000, 0x00000000f5580000)
  object space 349696K, 99% used [0x00000000e0000000,0x00000000f557f700,0x00000000f5580000)
 Metaspace       used 64570K, committed 65536K, reserved 1114112K
  class space    used 6382K, committed 6784K, reserved 1048576K
}
Event: 599.203 GC heap after
{Heap after GC invocations=722 (full 464):
 PSYoungGen      total 53248K, used 38677K [0x00000000f5580000, 0x00000000fd300000, 0x0000000100000000)
  eden space 11776K, 99% used [0x00000000f5580000,0x00000000f60fffd8,0x00000000f6100000)
  from space 41472K, 64% used [0x00000000f9980000,0x00000000fb3c5818,0x00000000fc200000)
  to   space 57856K, 0% used [0x00000000f6100000,0x00000000f6100000,0x00000000f9980000)
 ParOldGen       total 349696K, used 349693K [0x00000000e0000000, 0x00000000f5580000, 0x00000000f5580000)
  object space 349696K, 99% used [0x00000000e0000000,0x00000000f557f700,0x00000000f5580000)
 Metaspace       used 64570K, committed 65536K, reserved 1114112K
  class space    used 6382K, committed 6784K, reserved 1048576K
}
Event: 599.205 GC heap before
{Heap before GC invocations=723 (full 465):
 PSYoungGen      total 53248K, used 38678K [0x00000000f5580000, 0x00000000fd300000, 0x0000000100000000)
  eden space 11776K, 99% used [0x00000000f5580000,0x00000000f60ffff8,0x00000000f6100000)
  from space 41472K, 64% used [0x00000000f9980000,0x00000000fb3c5818,0x00000000fc200000)
  to   space 57856K, 0% used [0x00000000f6100000,0x00000000f6100000,0x00000000f9980000)
 ParOldGen       total 349696K, used 349693K [0x00000000e0000000, 0x00000000f5580000, 0x00000000f5580000)
  object space 349696K, 99% used [0x00000000e0000000,0x00000000f557f700,0x00000000f5580000)
 Metaspace       used 64570K, committed 65536K, reserved 1114112K
  class space    used 6382K, committed 6784K, reserved 1048576K
}
Event: 600.304 GC heap after
{Heap after GC invocations=723 (full 465):
 PSYoungGen      total 53248K, used 38677K [0x00000000f5580000, 0x00000000fd300000, 0x0000000100000000)
  eden space 11776K, 99% used [0x00000000f5580000,0x00000000f60fffd8,0x00000000f6100000)
  from space 41472K, 64% used [0x00000000f9980000,0x00000000fb3c5818,0x00000000fc200000)
  to   space 57856K, 0% used [0x00000000f6100000,0x00000000f6100000,0x00000000f9980000)
 ParOldGen       total 349696K, used 349693K [0x00000000e0000000, 0x00000000f5580000, 0x00000000f5580000)
  object space 349696K, 99% used [0x00000000e0000000,0x00000000f557f6e0,0x00000000f5580000)
 Metaspace       used 64570K, committed 65536K, reserved 1114112K
  class space    used 6382K, committed 6784K, reserved 1048576K
}
Event: 600.304 GC heap before
{Heap before GC invocations=724 (full 466):
 PSYoungGen      total 53248K, used 38678K [0x00000000f5580000, 0x00000000fd300000, 0x0000000100000000)
  eden space 11776K, 99% used [0x00000000f5580000,0x00000000f60ffff8,0x00000000f6100000)
  from space 41472K, 64% used [0x00000000f9980000,0x00000000fb3c5818,0x00000000fc200000)
  to   space 57856K, 0% used [0x00000000f6100000,0x00000000f6100000,0x00000000f9980000)
 ParOldGen       total 349696K, used 349693K [0x00000000e0000000, 0x00000000f5580000, 0x00000000f5580000)
  object space 349696K, 99% used [0x00000000e0000000,0x00000000f557f6e0,0x00000000f5580000)
 Metaspace       used 64570K, committed 65536K, reserved 1114112K
  class space    used 6382K, committed 6784K, reserved 1048576K
}
Event: 601.429 GC heap after
{Heap after GC invocations=724 (full 466):
 PSYoungGen      total 53248K, used 38677K [0x00000000f5580000, 0x00000000fd300000, 0x0000000100000000)
  eden space 11776K, 99% used [0x00000000f5580000,0x00000000f60fffd8,0x00000000f6100000)
  from space 41472K, 64% used [0x00000000f9980000,0x00000000fb3c5818,0x00000000fc200000)
  to   space 57856K, 0% used [0x00000000f6100000,0x00000000f6100000,0x00000000f9980000)
 ParOldGen       total 349696K, used 349693K [0x00000000e0000000, 0x00000000f5580000, 0x00000000f5580000)
  object space 349696K, 99% used [0x00000000e0000000,0x00000000f557f6e0,0x00000000f5580000)
 Metaspace       used 64570K, committed 65536K, reserved 1114112K
  class space    used 6382K, committed 6784K, reserved 1048576K
}
Event: 601.430 GC heap before
{Heap before GC invocations=725 (full 467):
 PSYoungGen      total 53248K, used 38678K [0x00000000f5580000, 0x00000000fd300000, 0x0000000100000000)
  eden space 11776K, 100% used [0x00000000f5580000,0x00000000f6100000,0x00000000f6100000)
  from space 41472K, 64% used [0x00000000f9980000,0x00000000fb3c5818,0x00000000fc200000)
  to   space 57856K, 0% used [0x00000000f6100000,0x00000000f6100000,0x00000000f9980000)
 ParOldGen       total 349696K, used 349693K [0x00000000e0000000, 0x00000000f5580000, 0x00000000f5580000)
  object space 349696K, 99% used [0x00000000e0000000,0x00000000f557f6e0,0x00000000f5580000)
 Metaspace       used 64570K, committed 65536K, reserved 1114112K
  class space    used 6382K, committed 6784K, reserved 1048576K
}
Event: 602.511 GC heap after
{Heap after GC invocations=725 (full 467):
 PSYoungGen      total 53248K, used 38678K [0x00000000f5580000, 0x00000000fd300000, 0x0000000100000000)
  eden space 11776K, 99% used [0x00000000f5580000,0x00000000f60ffff0,0x00000000f6100000)
  from space 41472K, 64% used [0x00000000f9980000,0x00000000fb3c5818,0x00000000fc200000)
  to   space 57856K, 0% used [0x00000000f6100000,0x00000000f6100000,0x00000000f9980000)
 ParOldGen       total 349696K, used 349693K [0x00000000e0000000, 0x00000000f5580000, 0x00000000f5580000)
  object space 349696K, 99% used [0x00000000e0000000,0x00000000f557f6e0,0x00000000f5580000)
 Metaspace       used 64570K, committed 65536K, reserved 1114112K
  class space    used 6382K, committed 6784K, reserved 1048576K
}
Event: 602.514 GC heap before
{Heap before GC invocations=726 (full 468):
 PSYoungGen      total 53248K, used 38678K [0x00000000f5580000, 0x00000000fd300000, 0x0000000100000000)
  eden space 11776K, 100% used [0x00000000f5580000,0x00000000f6100000,0x00000000f6100000)
  from space 41472K, 64% used [0x00000000f9980000,0x00000000fb3c5818,0x00000000fc200000)
  to   space 57856K, 0% used [0x00000000f6100000,0x00000000f6100000,0x00000000f9980000)
 ParOldGen       total 349696K, used 349693K [0x00000000e0000000, 0x00000000f5580000, 0x00000000f5580000)
  object space 349696K, 99% used [0x00000000e0000000,0x00000000f557f6e0,0x00000000f5580000)
 Metaspace       used 64570K, committed 65536K, reserved 1114112K
  class space    used 6382K, committed 6784K, reserved 1048576K
}
Event: 603.547 GC heap after
{Heap after GC invocations=726 (full 468):
 PSYoungGen      total 53248K, used 38678K [0x00000000f5580000, 0x00000000fd300000, 0x0000000100000000)
  eden space 11776K, 99% used [0x00000000f5580000,0x00000000f60ffff0,0x00000000f6100000)
  from space 41472K, 64% used [0x00000000f9980000,0x00000000fb3c5818,0x00000000fc200000)
  to   space 57856K, 0% used [0x00000000f6100000,0x00000000f6100000,0x00000000f9980000)
 ParOldGen       total 349696K, used 349693K [0x00000000e0000000, 0x00000000f5580000, 0x00000000f5580000)
  object space 349696K, 99% used [0x00000000e0000000,0x00000000f557f6e0,0x00000000f5580000)
 Metaspace       used 64570K, committed 65536K, reserved 1114112K
  class space    used 6382K, committed 6784K, reserved 1048576K
}
Event: 603.547 GC heap before
{Heap before GC invocations=727 (full 469):
 PSYoungGen      total 53248K, used 38678K [0x00000000f5580000, 0x00000000fd300000, 0x0000000100000000)
  eden space 11776K, 99% used [0x00000000f5580000,0x00000000f60ffff0,0x00000000f6100000)
  from space 41472K, 64% used [0x00000000f9980000,0x00000000fb3c5818,0x00000000fc200000)
  to   space 57856K, 0% used [0x00000000f6100000,0x00000000f6100000,0x00000000f9980000)
 ParOldGen       total 349696K, used 349693K [0x00000000e0000000, 0x00000000f5580000, 0x00000000f5580000)
  object space 349696K, 99% used [0x00000000e0000000,0x00000000f557f6f8,0x00000000f5580000)
 Metaspace       used 64570K, committed 65536K, reserved 1114112K
  class space    used 6382K, committed 6784K, reserved 1048576K
}
Event: 604.698 GC heap after
{Heap after GC invocations=727 (full 469):
 PSYoungGen      total 53248K, used 38678K [0x00000000f5580000, 0x00000000fd300000, 0x0000000100000000)
  eden space 11776K, 99% used [0x00000000f5580000,0x00000000f60ffff0,0x00000000f6100000)
  from space 41472K, 64% used [0x00000000f9980000,0x00000000fb3c5818,0x00000000fc200000)
  to   space 57856K, 0% used [0x00000000f6100000,0x00000000f6100000,0x00000000f9980000)
 ParOldGen       total 349696K, used 349693K [0x00000000e0000000, 0x00000000f5580000, 0x00000000f5580000)
  object space 349696K, 99% used [0x00000000e0000000,0x00000000f557f6f8,0x00000000f5580000)
 Metaspace       used 64570K, committed 65536K, reserved 1114112K
  class space    used 6382K, committed 6784K, reserved 1048576K
}
Event: 604.698 GC heap before
{Heap before GC invocations=728 (full 470):
 PSYoungGen      total 53248K, used 38678K [0x00000000f5580000, 0x00000000fd300000, 0x0000000100000000)
  eden space 11776K, 99% used [0x00000000f5580000,0x00000000f60ffff0,0x00000000f6100000)
  from space 41472K, 64% used [0x00000000f9980000,0x00000000fb3c5818,0x00000000fc200000)
  to   space 57856K, 0% used [0x00000000f6100000,0x00000000f6100000,0x00000000f9980000)
 ParOldGen       total 349696K, used 349693K [0x00000000e0000000, 0x00000000f5580000, 0x00000000f5580000)
  object space 349696K, 99% used [0x00000000e0000000,0x00000000f557f6f8,0x00000000f5580000)
 Metaspace       used 64570K, committed 65536K, reserved 1114112K
  class space    used 6382K, committed 6784K, reserved 1048576K
}
Event: 605.726 GC heap after
{Heap after GC invocations=728 (full 470):
 PSYoungGen      total 53248K, used 38678K [0x00000000f5580000, 0x00000000fd300000, 0x0000000100000000)
  eden space 11776K, 99% used [0x00000000f5580000,0x00000000f60ffff0,0x00000000f6100000)
  from space 41472K, 64% used [0x00000000f9980000,0x00000000fb3c5818,0x00000000fc200000)
  to   space 57856K, 0% used [0x00000000f6100000,0x00000000f6100000,0x00000000f9980000)
 ParOldGen       total 349696K, used 349693K [0x00000000e0000000, 0x00000000f5580000, 0x00000000f5580000)
  object space 349696K, 99% used [0x00000000e0000000,0x00000000f557f6f8,0x00000000f5580000)
 Metaspace       used 64570K, committed 65536K, reserved 1114112K
  class space    used 6382K, committed 6784K, reserved 1048576K
}
Event: 605.727 GC heap before
{Heap before GC invocations=729 (full 471):
 PSYoungGen      total 53248K, used 38678K [0x00000000f5580000, 0x00000000fd300000, 0x0000000100000000)
  eden space 11776K, 99% used [0x00000000f5580000,0x00000000f60ffff0,0x00000000f6100000)
  from space 41472K, 64% used [0x00000000f9980000,0x00000000fb3c5818,0x00000000fc200000)
  to   space 57856K, 0% used [0x00000000f6100000,0x00000000f6100000,0x00000000f9980000)
 ParOldGen       total 349696K, used 349694K [0x00000000e0000000, 0x00000000f5580000, 0x00000000f5580000)
  object space 349696K, 99% used [0x00000000e0000000,0x00000000f557f9b0,0x00000000f5580000)
 Metaspace       used 64570K, committed 65536K, reserved 1114112K
  class space    used 6382K, committed 6784K, reserved 1048576K
}
Event: 606.742 GC heap after
{Heap after GC invocations=729 (full 471):
 PSYoungGen      total 53248K, used 38678K [0x00000000f5580000, 0x00000000fd300000, 0x0000000100000000)
  eden space 11776K, 99% used [0x00000000f5580000,0x00000000f60ffff0,0x00000000f6100000)
  from space 41472K, 64% used [0x00000000f9980000,0x00000000fb3c5818,0x00000000fc200000)
  to   space 57856K, 0% used [0x00000000f6100000,0x00000000f6100000,0x00000000f9980000)
 ParOldGen       total 349696K, used 349694K [0x00000000e0000000, 0x00000000f5580000, 0x00000000f5580000)
  object space 349696K, 99% used [0x00000000e0000000,0x00000000f557f900,0x00000000f5580000)
 Metaspace       used 64570K, committed 65536K, reserved 1114112K
  class space    used 6382K, committed 6784K, reserved 1048576K
}
Event: 606.742 GC heap before
{Heap before GC invocations=730 (full 472):
 PSYoungGen      total 53248K, used 38678K [0x00000000f5580000, 0x00000000fd300000, 0x0000000100000000)
  eden space 11776K, 99% used [0x00000000f5580000,0x00000000f60ffff0,0x00000000f6100000)
  from space 41472K, 64% used [0x00000000f9980000,0x00000000fb3c5818,0x00000000fc200000)
  to   space 57856K, 0% used [0x00000000f6100000,0x00000000f6100000,0x00000000f9980000)
 ParOldGen       total 349696K, used 349694K [0x00000000e0000000, 0x00000000f5580000, 0x00000000f5580000)
  object space 349696K, 99% used [0x00000000e0000000,0x00000000f557f900,0x00000000f5580000)
 Metaspace       used 64570K, committed 65536K, reserved 1114112K
  class space    used 6382K, committed 6784K, reserved 1048576K
}
Event: 607.810 GC heap after
{Heap after GC invocations=730 (full 472):
 PSYoungGen      total 53248K, used 38678K [0x00000000f5580000, 0x00000000fd300000, 0x0000000100000000)
  eden space 11776K, 99% used [0x00000000f5580000,0x00000000f60ffff0,0x00000000f6100000)
  from space 41472K, 64% used [0x00000000f9980000,0x00000000fb3c5818,0x00000000fc200000)
  to   space 57856K, 0% used [0x00000000f6100000,0x00000000f6100000,0x00000000f9980000)
 ParOldGen       total 349696K, used 349694K [0x00000000e0000000, 0x00000000f5580000, 0x00000000f5580000)
  object space 349696K, 99% used [0x00000000e0000000,0x00000000f557f900,0x00000000f5580000)
 Metaspace       used 64570K, committed 65536K, reserved 1114112K
  class space    used 6382K, committed 6784K, reserved 1048576K
}

